Information: Propagating switching activity (low effort zero delay simulation). (PWR-6)
Warning: Design has unannotated primary inputs. (PWR-414)
Warning: Design has unannotated sequential cell outputs. (PWR-415)
 
****************************************
Report : power
        -hier
        -analysis_effort low
        -verbose
Design : fp32mul_pipe
Version: G-2012.06
Date   : Tue Apr 30 11:44:21 2024
****************************************


Library(s) Used:

    CORE90GPSVT (File: /cell_libs/cmos090_50a/CORE90GPSVT_SNPS-AVT_2.1/SIGNOFF/bc_1.10V_m40C_wc_0.90V_105C/PT_LIB/CORE90GPSVT_NomLeak.db)
    CORE90GPHVT (File: /cell_libs/cmos090_50a/CORE90GPHVT_SNPS-AVT_2.1.a/SIGNOFF/bc_1.10V_m40C_wc_0.90V_105C/PT_LIB/CORE90GPHVT_NomLeak.db)


Operating Conditions: NomLeak   Library: CORE90GPSVT
Wire Load Model Mode: Inactive.


Global Operating Voltage = 1    
Power-specific unit information :
    Voltage Units = 1V
    Capacitance Units = 1.000000pf
    Time Units = 1ns
    Dynamic Power Units = 1mW    (derived from V,C,T units)
    Leakage Power Units = 1pW


--------------------------------------------------------------------------------
                                       Switch   Int      Leak     Total
Hierarchy                              Power    Power    Power    Power    %
--------------------------------------------------------------------------------
fp32mul_pipe                              1.158    3.014 2.37e+07    4.196 100.0
1
