 
****************************************
Report : timing
        -path full
        -delay max
        -input_pins
        -nets
        -max_paths 1
        -transition_time
        -capacitance
Design : fp32mul_pipe
Version: G-2012.06
Date   : Tue Apr 30 11:44:57 2024
****************************************

 * Some/all delay information is back-annotated.

Operating Conditions: NomLeak   Library: CORE90GPSVT
Wire Load Model Mode: Inactive.

  Startpoint: REGY_Z_reg_3_
              (rising edge-triggered flip-flop clocked by CLK)
  Endpoint: SIGNIFICAND_REGPIPE_Z_reg_76_
            (rising edge-triggered flip-flop clocked by CLK)
  Path Group: CLK
  Path Type: max

Attributes:
    d - dont_touch
    u - dont_use
   mo - map_only
   so - size_only
    i - ideal_net or ideal_network

  Point                                       Fanout       Cap     Trans      Incr       Path      Attributes
  ----------------------------------------------------------------------------------------------------------------
  clock CLK (rise edge)                                                   0.000000   0.000000
  clock network delay (ideal)                                             0.000000   0.000000
  REGY_Z_reg_3_/CP (FD2QSVTX2)                                  0.000000  0.000000   0.000000 r
  REGY_Z_reg_3_/Q (FD2QSVTX2)                                   0.208932  0.189329   0.189329 r
  SIGNIFICAND_MULT_ARRAY_N1 (net)              23     0.121260            0.000000   0.189329 r
  U1938/B (NR2SVTX2)                                            0.208932  0.001418 * 0.190747 r
  U1938/Z (NR2SVTX2)                                            0.050910  0.070651   0.261398 f
  n1866 (net)                                   2     0.004789            0.000000   0.261398 f
  U2081/A (IVSVTX0H)                                            0.050910  0.000001 * 0.261399 f
  U2081/Z (IVSVTX0H)                                            0.105110  0.079762   0.341161 r
  n1867 (net)                                   3     0.009525            0.000000   0.341161 r
  U2080/B (ND2SVTX2)                                            0.105110  0.000018 * 0.341179 r
  U2080/Z (ND2SVTX2)                                            0.168208  0.139302   0.480481 f
  n2815 (net)                                  24     0.070331            0.000000   0.480481 f
  U3790/D (AO4HVTX1)                                            0.168208  0.000281 * 0.480762 f
  U3790/Z (AO4HVTX1)                                            0.123040  0.140529   0.621291 r
  n2782 (net)                                   1     0.005556            0.000000   0.621291 r
  U3789/B (EOHVTX1)                                             0.123040  0.000009 * 0.621299 r
  U3789/Z (EOHVTX1)                                             0.083961  0.146148   0.767448 r
  n2812 (net)                                   2     0.003340            0.000000   0.767448 r
  U3786/A (AO3HVTX1)                                            0.083961  0.000005 * 0.767453 r
  U3786/Z (AO3HVTX1)                                            0.095551  0.086388   0.853841 f
  n2801 (net)                                   2     0.009301            0.000000   0.853841 f
  U3785/A (IVHVTX0H)                                            0.095551  0.000099 * 0.853940 f
  U3785/Z (IVHVTX0H)                                            0.094737  0.099623   0.953562 r
  n2802 (net)                                   1     0.005700            0.000000   0.953562 r
  U3784/B (EOHVTX1)                                             0.094737  0.000014 * 0.953577 r
  U3784/Z (EOHVTX1)                                             0.081457  0.140335   1.093912 r
  n2804 (net)                                   1     0.005684            0.000000   1.093912 r
  U3783/B (EOHVTX1)                                             0.081457  0.000014 * 1.093926 r
  U3783/Z (EOHVTX1)                                             0.106568  0.149282   1.243208 r
  n2889 (net)                                   2     0.010667            0.000000   1.243208 r
  U3715/A (EOSVTX1)                                             0.106568  0.000069 * 1.243277 r
  U3715/Z (EOSVTX1)                                             0.050027  0.090509   1.333786 r
  n2890 (net)                                   1     0.003001            0.000000   1.333786 r
  U1891/C (EN3SVTX1)                                            0.050027  0.000006 * 1.333792 r
  U1891/Z (EN3SVTX1)                                            0.058838  0.117426   1.451218 f
  n2953 (net)                                   3     0.007898            0.000000   1.451218 f
  U2356/B (ND2SVTX2)                                            0.058838  0.000026 * 1.451243 f
  U2356/Z (ND2SVTX2)                                            0.033217  0.028714   1.479957 r
  n2951 (net)                                   2     0.004393            0.000000   1.479957 r
  U3581/C (AO7SVTX1)                                            0.033217  0.000004 * 1.479961 r
  U3581/Z (AO7SVTX1)                                            0.079257  0.062650   1.542612 f
  n2986 (net)                                   2     0.007246            0.000000   1.542612 f
  U1857/B (EO3SVTX1)                                            0.079257  0.000019 * 1.542630 f
  U1857/Z (EO3SVTX1)                                            0.051313  0.166595   1.709226 f
  n2988 (net)                                   1     0.005683            0.000000   1.709226 f
  U1895/B (EOSVTX1)                                             0.051313  0.000019 * 1.709245 f
  U1895/Z (EOSVTX1)                                             0.065611  0.092488   1.801733 r
  n2991 (net)                                   2     0.008122            0.000000   1.801733 r
  U3364/S (MUX21SVTX1)                                          0.065611  0.000013 * 1.801746 r
  U3364/Z (MUX21SVTX1)                                          0.024568  0.105459   1.907205 r
  SIGNIFICAND_PC_stage[28] (net)                1     0.002171            0.000000   1.907205 r
  SIGNIFICAND_REGPIPE_Z_reg_76_/D (FD2QSVTX2)                   0.024568  0.000003 * 1.907208 r
  data arrival time                                                                  1.907208

  clock CLK (rise edge)                                                   2.000000   2.000000
  clock network delay (ideal)                                             0.000000   2.000000
  SIGNIFICAND_REGPIPE_Z_reg_76_/CP (FD2QSVTX2)                            0.000000   2.000000 r
  library setup time                                                      -0.087402  1.912598
  data required time                                                                 1.912598
  ----------------------------------------------------------------------------------------------------------------
  data required time                                                                 1.912598
  data arrival time                                                                  -1.907208
  ----------------------------------------------------------------------------------------------------------------
  slack (MET)                                                                        0.005390


1
