Loading db file '/cell_libs/cmos090_50a/CORE90GPSVT_SNPS-AVT_2.1/SIGNOFF/bc_1.10V_m40C_wc_0.90V_105C/PT_LIB/CORE90GPSVT_NomLeak.db'
Loading db file '/cell_libs/cmos090_50a/CORE90GPHVT_SNPS-AVT_2.1.a/SIGNOFF/bc_1.10V_m40C_wc_0.90V_105C/PT_LIB/CORE90GPHVT_NomLeak.db'
Information: Propagating switching activity (low effort zero delay simulation). (PWR-6)
Warning: Design has unannotated primary inputs. (PWR-414)
Warning: Design has unannotated sequential cell outputs. (PWR-415)
 
****************************************
Report : power
        -hier
        -analysis_effort low
        -verbose
Design : fp32mul_pipe
Version: G-2012.06
Date   : Tue Apr 30 11:37:16 2024
****************************************


Library(s) Used:

    CORE90GPSVT (File: /cell_libs/cmos090_50a/CORE90GPSVT_SNPS-AVT_2.1/SIGNOFF/bc_1.10V_m40C_wc_0.90V_105C/PT_LIB/CORE90GPSVT_NomLeak.db)
    CORE90GPHVT (File: /cell_libs/cmos090_50a/CORE90GPHVT_SNPS-AVT_2.1.a/SIGNOFF/bc_1.10V_m40C_wc_0.90V_105C/PT_LIB/CORE90GPHVT_NomLeak.db)


Operating Conditions: NomLeak   Library: CORE90GPSVT
Wire Load Model Mode: enclosed

Design        Wire Load Model            Library
------------------------------------------------
fp32mul_pipe           area_24Kto48K     CORE90GPSVT
reg32b_2               area_0to1K        CORE90GPSVT
expadd                 area_0to1K        CORE90GPSVT
expincrement           area_0to1K        CORE90GPSVT
regnb_N17              area_0to1K        CORE90GPSVT
significand_compute    area_24Kto48K     CORE90GPSVT
gl_mux21_n7            area_0to1K        CORE90GPSVT
out_sign               area_0to1K        CORE90GPSVT
array24x24             area_18Kto24K     CORE90GPSVT
regnb_N96              area_1Kto2K       CORE90GPSVT
gl_csa32_n47_2         area_1Kto2K       CORE90GPSVT
gl_cpa_n47_1           area_1Kto2K       CORE90GPSVT
gl_mux21_n23           area_0to1K        CORE90GPSVT
PARTPROD_n25_12        area_0to1K        CORE90GPSVT
TREE                   area_12Kto18K     CORE90GPSVT
gl_csa42_n47_4         area_2Kto3K       CORE90GPSVT
reg32b_0               area_0to1K        CORE90GPSVT
reg32b_1               area_0to1K        CORE90GPSVT
gl_csa32_n47_0         area_1Kto2K       CORE90GPSVT
gl_csa32_n47_1         area_1Kto2K       CORE90GPSVT
gl_cpa_n47_0           area_2Kto3K       CORE90GPSVT
PARTPROD_n25_0         area_0to1K        CORE90GPSVT
PARTPROD_n25_1         area_0to1K        CORE90GPSVT
PARTPROD_n25_2         area_0to1K        CORE90GPSVT
PARTPROD_n25_3         area_0to1K        CORE90GPSVT
PARTPROD_n25_4         area_0to1K        CORE90GPSVT
PARTPROD_n25_5         area_0to1K        CORE90GPSVT
PARTPROD_n25_6         area_0to1K        CORE90GPSVT
PARTPROD_n25_7         area_0to1K        CORE90GPSVT
PARTPROD_n25_8         area_0to1K        CORE90GPSVT
PARTPROD_n25_9         area_0to1K        CORE90GPSVT
PARTPROD_n25_10        area_0to1K        CORE90GPSVT
PARTPROD_n25_11        area_0to1K        CORE90GPSVT
gl_csa42_n47_0         area_2Kto3K       CORE90GPSVT
gl_csa42_n47_1         area_2Kto3K       CORE90GPSVT
gl_csa42_n47_2         area_2Kto3K       CORE90GPSVT
gl_csa42_n47_3         area_2Kto3K       CORE90GPSVT


Global Operating Voltage = 1    
Power-specific unit information :
    Voltage Units = 1V
    Capacitance Units = 1.000000pf
    Time Units = 1ns
    Dynamic Power Units = 1mW    (derived from V,C,T units)
    Leakage Power Units = 1pW


--------------------------------------------------------------------------------
                                       Switch   Int      Leak     Total
Hierarchy                              Power    Power    Power    Power    %
--------------------------------------------------------------------------------
fp32mul_pipe                              1.579    2.796 5.45e+07    4.430 100.0
  REGZ (reg32b_0)                      6.44e-03    0.211 7.70e+05    0.218   4.9
  SIGN_COMP (out_sign)                 1.25e-04 4.98e-04 1.53e+04 6.39e-04   0.0
  EXP_MUX (gl_mux21_n7)                2.27e-03 3.49e-03 1.56e+05 5.91e-03   0.1
  SIGNIFICAND (significand_compute)       1.530    2.076 5.11e+07    3.658  82.6
  REGPIPE (regnb_N17)                  4.57e-03    0.108 4.15e+05    0.113   2.6
  EXP_INCR (expincrement)              1.84e-03 4.77e-03 1.57e+05 6.76e-03   0.2
  EXP_ADD (expadd)                     1.18e-02 8.58e-03 3.08e+05 2.07e-02   0.5
  REGY (reg32b_1)                      1.40e-02    0.191 7.84e+05    0.206   4.7
  REGX (reg32b_2)                      7.94e-03    0.191 7.84e+05    0.200   4.5
1
