 
****************************************
Report : area
Design : fp32mul_pipe
Version: G-2012.06
Date   : Tue Apr 30 11:36:44 2024
****************************************

Library(s) Used:

    CORE90GPSVT (File: /cell_libs/cmos090_50a/CORE90GPSVT_SNPS-AVT_2.1/SIGNOFF/bc_1.10V_m40C_wc_0.90V_105C/PT_LIB/CORE90GPSVT_NomLeak.db)
    CORE90GPHVT (File: /cell_libs/cmos090_50a/CORE90GPHVT_SNPS-AVT_2.1.a/SIGNOFF/bc_1.10V_m40C_wc_0.90V_105C/PT_LIB/CORE90GPHVT_NomLeak.db)

Number of ports:                           98
Number of nets:                           229
Number of cells:                            9
Number of combinational cells:              0
Number of sequential cells:                 0
Number of macros:                           0
Number of buf/inv:                          0
Number of references:                       9

Combinational area:       29390.434834
Noncombinational area:    3900.870539
Net Interconnect area:      undefined  (Wire load has zero net area)

Total cell area:          33291.305373
Total area:                 undefined
1
