Loading db file '/cell_libs/cmos090_50a/CORE90GPSVT_SNPS-AVT_2.1/SIGNOFF/bc_1.10V_m40C_wc_0.90V_105C/PT_LIB/CORE90GPSVT_NomLeak.db'
Loading db file '/cell_libs/cmos090_50a/CORE90GPHVT_SNPS-AVT_2.1.a/SIGNOFF/bc_1.10V_m40C_wc_0.90V_105C/PT_LIB/CORE90GPHVT_NomLeak.db'
Information: Propagating switching activity (low effort zero delay simulation). (PWR-6)
Warning: Design has unannotated primary inputs. (PWR-414)
Warning: Design has unannotated sequential cell outputs. (PWR-415)
 
****************************************
Report : power
        -hier
        -analysis_effort low
        -verbose
Design : fp32mul_pipe
Version: G-2012.06
Date   : Tue Apr 30 11:36:12 2024
****************************************


Library(s) Used:

    CORE90GPSVT (File: /cell_libs/cmos090_50a/CORE90GPSVT_SNPS-AVT_2.1/SIGNOFF/bc_1.10V_m40C_wc_0.90V_105C/PT_LIB/CORE90GPSVT_NomLeak.db)
    CORE90GPHVT (File: /cell_libs/cmos090_50a/CORE90GPHVT_SNPS-AVT_2.1.a/SIGNOFF/bc_1.10V_m40C_wc_0.90V_105C/PT_LIB/CORE90GPHVT_NomLeak.db)


Operating Conditions: NomLeak   Library: CORE90GPSVT
Wire Load Model Mode: enclosed

Design        Wire Load Model            Library
------------------------------------------------
fp32mul_pipe           area_24Kto48K     CORE90GPSVT
reg32b_2               area_0to1K        CORE90GPSVT
expadd                 area_0to1K        CORE90GPSVT
expincrement           area_0to1K        CORE90GPSVT
regnb_N17              area_0to1K        CORE90GPSVT
significand_compute    area_24Kto48K     CORE90GPSVT
gl_mux21_n7            area_0to1K        CORE90GPSVT
out_sign               area_0to1K        CORE90GPSVT
array24x24             area_18Kto24K     CORE90GPSVT
regnb_N96              area_1Kto2K       CORE90GPSVT
gl_csa32_n47_2         area_1Kto2K       CORE90GPSVT
gl_cpa_n47_1           area_2Kto3K       CORE90GPSVT
gl_mux21_n23           area_0to1K        CORE90GPSVT
PARTPROD_n25_12        area_0to1K        CORE90GPSVT
TREE                   area_12Kto18K     CORE90GPSVT
gl_csa42_n47_4         area_2Kto3K       CORE90GPSVT
reg32b_0               area_0to1K        CORE90GPSVT
reg32b_1               area_0to1K        CORE90GPSVT
gl_csa32_n47_0         area_1Kto2K       CORE90GPSVT
gl_csa32_n47_1         area_1Kto2K       CORE90GPSVT
gl_cpa_n47_0           area_2Kto3K       CORE90GPSVT
PARTPROD_n25_0         area_0to1K        CORE90GPSVT
PARTPROD_n25_1         area_0to1K        CORE90GPSVT
PARTPROD_n25_2         area_0to1K        CORE90GPSVT
PARTPROD_n25_3         area_0to1K        CORE90GPSVT
PARTPROD_n25_4         area_0to1K        CORE90GPSVT
PARTPROD_n25_5         area_0to1K        CORE90GPSVT
PARTPROD_n25_6         area_0to1K        CORE90GPSVT
PARTPROD_n25_7         area_0to1K        CORE90GPSVT
PARTPROD_n25_8         area_0to1K        CORE90GPSVT
PARTPROD_n25_9         area_0to1K        CORE90GPSVT
PARTPROD_n25_10        area_0to1K        CORE90GPSVT
PARTPROD_n25_11        area_0to1K        CORE90GPSVT
gl_csa42_n47_0         area_3Kto4K       CORE90GPSVT
gl_csa42_n47_1         area_3Kto4K       CORE90GPSVT
gl_csa42_n47_2         area_2Kto3K       CORE90GPSVT
gl_csa42_n47_3         area_2Kto3K       CORE90GPSVT


Global Operating Voltage = 1    
Power-specific unit information :
    Voltage Units = 1V
    Capacitance Units = 1.000000pf
    Time Units = 1ns
    Dynamic Power Units = 1mW    (derived from V,C,T units)
    Leakage Power Units = 1pW


--------------------------------------------------------------------------------
                                       Switch   Int      Leak     Total
Hierarchy                              Power    Power    Power    Power    %
--------------------------------------------------------------------------------
fp32mul_pipe                              2.704    5.852 8.66e+07    8.643 100.0
  REGZ (reg32b_0)                      1.03e-02    0.338 7.70e+05    0.349   4.0
  SIGN_COMP (out_sign)                 2.00e-04 7.97e-04 1.53e+04 1.01e-03   0.0
  EXP_MUX (gl_mux21_n7)                3.42e-03 7.11e-03 2.24e+05 1.08e-02   0.1
  SIGNIFICAND (significand_compute)       2.627    4.692 8.34e+07    7.402  85.6
  REGPIPE (regnb_N17)                  7.29e-03    0.173 3.51e+05    0.180   2.1
  EXP_INCR (expincrement)              2.95e-03 7.41e-03 1.28e+05 1.05e-02   0.1
  EXP_ADD (expadd)                     1.88e-02 1.42e-02 3.11e+05 3.33e-02   0.4
  REGY (reg32b_1)                      1.69e-02    0.310 7.12e+05    0.327   3.8
  REGX (reg32b_2)                      1.75e-02    0.311 6.88e+05    0.329   3.8
1
